<?xml version="1.0" encoding="UTF-8"?>
<testng-results skipped="0" failed="1" ignored="4" total="6" passed="1">
  <reporter-output>
  </reporter-output>
  <suite name="MapSync Application Test" duration-ms="40529" started-at="2021-03-19T17:12:24 IST" finished-at="2021-03-19T17:13:05 IST">
    <groups>
      <group name="Homepage">
        <method signature="HomePageTest.verifyAllLink()[pri:0, instance:com.mapsync.tests.HomePageTest@27d415d9]" name="verifyAllLink" class="com.mapsync.tests.HomePageTest"/>
      </group> <!-- Homepage -->
      <group name="Homepage1">
        <method signature="HomePageTest.registerLinkTest()[pri:0, instance:com.mapsync.tests.HomePageTest@2f8f5f62]" name="registerLinkTest" class="com.mapsync.tests.HomePageTest"/>
      </group> <!-- Homepage1 -->
    </groups>
    <test name="HomeTestParallel" duration-ms="11989" started-at="2021-03-19T17:12:24 IST" finished-at="2021-03-19T17:12:36 IST">
      <class name="com.mapsync.tests.HomePageTest">
        <test-method status="PASS" signature="setUp(java.lang.reflect.Method)[pri:0, instance:com.mapsync.tests.HomePageTest@2f8f5f62]" name="setUp" is-config="true" duration-ms="4582" started-at="2021-03-19T17:12:24 IST" finished-at="2021-03-19T17:12:29 IST">
          <params>
            <param index="0">
              <value>
                <![CDATA[public void com.mapsync.tests.HomePageTest.registerLinkTest()]]>
              </value>
            </param>
          </params>
          <reporter-output>
          </reporter-output>
        </test-method> <!-- setUp -->
        <test-method status="PASS" signature="registerLinkTest()[pri:0, instance:com.mapsync.tests.HomePageTest@2f8f5f62]" name="registerLinkTest" duration-ms="7068" started-at="2021-03-19T17:12:29 IST" finished-at="2021-03-19T17:12:36 IST">
          <reporter-output>
          </reporter-output>
        </test-method> <!-- registerLinkTest -->
        <test-method status="PASS" signature="tearDown()[pri:0, instance:com.mapsync.tests.HomePageTest@2f8f5f62]" name="tearDown" is-config="true" duration-ms="150" started-at="2021-03-19T17:12:36 IST" finished-at="2021-03-19T17:12:36 IST">
          <reporter-output>
          </reporter-output>
        </test-method> <!-- tearDown -->
        <test-method status="PASS" signature="getResult(org.testng.ITestResult)[pri:0, instance:com.mapsync.tests.HomePageTest@2f8f5f62]" name="getResult" is-config="true" duration-ms="162" started-at="2021-03-19T17:12:36 IST" finished-at="2021-03-19T17:12:36 IST">
          <params>
            <param index="0">
              <value>
                <![CDATA[[TestResult name=registerLinkTest status=SUCCESS method=HomePageTest.registerLinkTest()[pri:0, instance:com.mapsync.tests.HomePageTest@2f8f5f62] output={null}]]]>
              </value>
            </param>
          </params>
          <reporter-output>
          </reporter-output>
        </test-method> <!-- getResult -->
      </class> <!-- com.mapsync.tests.HomePageTest -->
    </test> <!-- HomeTestParallel -->
    <test name="HomeTest" duration-ms="40529" started-at="2021-03-19T17:12:24 IST" finished-at="2021-03-19T17:13:05 IST">
      <class name="com.mapsync.tests.HomePageTest">
        <test-method status="PASS" signature="setUp(java.lang.reflect.Method)[pri:0, instance:com.mapsync.tests.HomePageTest@27d415d9]" name="setUp" is-config="true" duration-ms="3771" started-at="2021-03-19T17:12:24 IST" finished-at="2021-03-19T17:12:28 IST">
          <params>
            <param index="0">
              <value>
                <![CDATA[public void com.mapsync.tests.HomePageTest.verifyAllLink()]]>
              </value>
            </param>
          </params>
          <reporter-output>
          </reporter-output>
        </test-method> <!-- setUp -->
        <test-method status="FAIL" signature="verifyAllLink()[pri:0, instance:com.mapsync.tests.HomePageTest@27d415d9]" name="verifyAllLink" duration-ms="36598" started-at="2021-03-19T17:12:28 IST" finished-at="2021-03-19T17:13:04 IST">
          <exception class="java.lang.AssertionError">
            <message>
              <![CDATA[expected [true] but found [false]]]>
            </message>
            <full-stacktrace>
              <![CDATA[java.lang.AssertionError: expected [true] but found [false]
at org.testng.Assert.fail(Assert.java:99)
at org.testng.Assert.failNotEquals(Assert.java:1037)
at org.testng.Assert.assertTrue(Assert.java:45)
at org.testng.Assert.assertTrue(Assert.java:55)
at com.mapsync.utilities.PageUtils.hardAssertion(PageUtils.java:114)
at com.mapsync.pages.RegistrationPage.verifyRegistrationPageDisplayed(RegistrationPage.java:73)
at com.mapsync.tests.HomePageTest.verifyAllLink(HomePageTest.java:61)
at sun.reflect.NativeMethodAccessorImpl.invoke0(Native Method)
at sun.reflect.NativeMethodAccessorImpl.invoke(NativeMethodAccessorImpl.java:62)
at sun.reflect.DelegatingMethodAccessorImpl.invoke(DelegatingMethodAccessorImpl.java:43)
at java.lang.reflect.Method.invoke(Method.java:498)
at org.testng.internal.MethodInvocationHelper.invokeMethod(MethodInvocationHelper.java:132)
at org.testng.internal.TestInvoker.invokeMethod(TestInvoker.java:599)
at org.testng.internal.TestInvoker.invokeTestMethod(TestInvoker.java:174)
at org.testng.internal.MethodRunner.runInSequence(MethodRunner.java:46)
at org.testng.internal.TestInvoker$MethodInvocationAgent.invoke(TestInvoker.java:822)
at org.testng.internal.TestInvoker.invokeTestMethods(TestInvoker.java:147)
at org.testng.internal.TestMethodWorker.invokeTestMethods(TestMethodWorker.java:146)
at org.testng.internal.TestMethodWorker.run(TestMethodWorker.java:128)
at java.util.concurrent.ThreadPoolExecutor.runWorker(ThreadPoolExecutor.java:1149)
at java.util.concurrent.ThreadPoolExecutor$Worker.run(ThreadPoolExecutor.java:624)
at java.lang.Thread.run(Thread.java:748)
]]>
            </full-stacktrace>
          </exception> <!-- java.lang.AssertionError -->
          <reporter-output>
          </reporter-output>
        </test-method> <!-- verifyAllLink -->
        <test-method status="PASS" signature="tearDown()[pri:0, instance:com.mapsync.tests.HomePageTest@27d415d9]" name="tearDown" is-config="true" duration-ms="89" started-at="2021-03-19T17:13:05 IST" finished-at="2021-03-19T17:13:05 IST">
          <reporter-output>
          </reporter-output>
        </test-method> <!-- tearDown -->
        <test-method status="PASS" signature="getResult(org.testng.ITestResult)[pri:0, instance:com.mapsync.tests.HomePageTest@27d415d9]" name="getResult" is-config="true" duration-ms="45" started-at="2021-03-19T17:13:05 IST" finished-at="2021-03-19T17:13:05 IST">
          <params>
            <param index="0">
              <value>
                <![CDATA[[TestResult name=verifyAllLink status=FAILURE method=HomePageTest.verifyAllLink()[pri:0, instance:com.mapsync.tests.HomePageTest@27d415d9] output={null}]]]>
              </value>
            </param>
          </params>
          <reporter-output>
          </reporter-output>
        </test-method> <!-- getResult -->
      </class> <!-- com.mapsync.tests.HomePageTest -->
    </test> <!-- HomeTest -->
  </suite> <!-- MapSync Application Test -->
</testng-results>
